<?xml version="1.0" encoding="UTF-8"?>
<testng-results skipped="0" failed="0" total="14" passed="14">
  <reporter-output>
  </reporter-output>
  <suite name="Default suite" duration-ms="1717" started-at="2017-04-08T02:17:25Z" finished-at="2017-04-08T02:17:27Z">
    <groups>
    </groups>
    <test name="Default test" duration-ms="1717" started-at="2017-04-08T02:17:25Z" finished-at="2017-04-08T02:17:27Z">
      <class name="webDriver.NewTestNg2">
        <test-method status="PASS" signature="test_method2(java.lang.String, java.lang.String)[pri:0, instance:webDriver.NewTestNg2@19f99ea]" name="test_method2" duration-ms="29" started-at="2017-04-08T07:47:27Z" data-provider="testSource" finished-at="2017-04-08T07:47:27Z">
          <params>
            <param index="0">
              <value>
                <![CDATA[abc123]]>
              </value>
            </param>
            <param index="1">
              <value>
                <![CDATA[abc123]]>
              </value>
            </param>
          </params>
          <reporter-output>
          </reporter-output>
        </test-method> <!-- test_method2 -->
        <test-method status="PASS" signature="test_method2(java.lang.String, java.lang.String)[pri:0, instance:webDriver.NewTestNg2@19f99ea]" name="test_method2" duration-ms="2" started-at="2017-04-08T07:47:27Z" data-provider="testSource" finished-at="2017-04-08T07:47:27Z">
          <params>
            <param index="0">
              <value>
                <![CDATA[abc124]]>
              </value>
            </param>
            <param index="1">
              <value>
                <![CDATA[abc124]]>
              </value>
            </param>
          </params>
          <reporter-output>
          </reporter-output>
        </test-method> <!-- test_method2 -->
        <test-method status="PASS" signature="test_method2(java.lang.String, java.lang.String)[pri:0, instance:webDriver.NewTestNg2@19f99ea]" name="test_method2" duration-ms="6" started-at="2017-04-08T07:47:27Z" data-provider="testSource" finished-at="2017-04-08T07:47:27Z">
          <params>
            <param index="0">
              <value>
                <![CDATA[abc125]]>
              </value>
            </param>
            <param index="1">
              <value>
                <![CDATA[abc125]]>
              </value>
            </param>
          </params>
          <reporter-output>
          </reporter-output>
        </test-method> <!-- test_method2 -->
        <test-method status="PASS" signature="test_method2(java.lang.String, java.lang.String)[pri:0, instance:webDriver.NewTestNg2@19f99ea]" name="test_method2" duration-ms="2" started-at="2017-04-08T07:47:27Z" data-provider="testSource" finished-at="2017-04-08T07:47:27Z">
          <params>
            <param index="0">
              <value>
                <![CDATA[abc126]]>
              </value>
            </param>
            <param index="1">
              <value>
                <![CDATA[abc126]]>
              </value>
            </param>
          </params>
          <reporter-output>
          </reporter-output>
        </test-method> <!-- test_method2 -->
        <test-method status="PASS" signature="test_method2(java.lang.String, java.lang.String)[pri:0, instance:webDriver.NewTestNg2@19f99ea]" name="test_method2" duration-ms="2" started-at="2017-04-08T07:47:27Z" data-provider="testSource" finished-at="2017-04-08T07:47:27Z">
          <params>
            <param index="0">
              <value>
                <![CDATA[abc127]]>
              </value>
            </param>
            <param index="1">
              <value>
                <![CDATA[abc127]]>
              </value>
            </param>
          </params>
          <reporter-output>
          </reporter-output>
        </test-method> <!-- test_method2 -->
        <test-method status="PASS" signature="test_method2(java.lang.String, java.lang.String)[pri:0, instance:webDriver.NewTestNg2@19f99ea]" name="test_method2" duration-ms="3" started-at="2017-04-08T07:47:27Z" data-provider="testSource" finished-at="2017-04-08T07:47:27Z">
          <params>
            <param index="0">
              <value>
                <![CDATA[abc128]]>
              </value>
            </param>
            <param index="1">
              <value>
                <![CDATA[abc128]]>
              </value>
            </param>
          </params>
          <reporter-output>
          </reporter-output>
        </test-method> <!-- test_method2 -->
        <test-method status="PASS" signature="test_method2(java.lang.String, java.lang.String)[pri:0, instance:webDriver.NewTestNg2@19f99ea]" name="test_method2" duration-ms="6" started-at="2017-04-08T07:47:27Z" data-provider="testSource" finished-at="2017-04-08T07:47:27Z">
          <params>
            <param index="0">
              <value>
                <![CDATA[abc129]]>
              </value>
            </param>
            <param index="1">
              <value>
                <![CDATA[abc129]]>
              </value>
            </param>
          </params>
          <reporter-output>
          </reporter-output>
        </test-method> <!-- test_method2 -->
        <test-method status="PASS" signature="test_method2(java.lang.String, java.lang.String)[pri:0, instance:webDriver.NewTestNg2@19f99ea]" name="test_method2" duration-ms="2" started-at="2017-04-08T07:47:27Z" data-provider="testSource" finished-at="2017-04-08T07:47:27Z">
          <params>
            <param index="0">
              <value>
                <![CDATA[abc130]]>
              </value>
            </param>
            <param index="1">
              <value>
                <![CDATA[abc130]]>
              </value>
            </param>
          </params>
          <reporter-output>
          </reporter-output>
        </test-method> <!-- test_method2 -->
        <test-method status="PASS" signature="test_method2(java.lang.String, java.lang.String)[pri:0, instance:webDriver.NewTestNg2@19f99ea]" name="test_method2" duration-ms="1" started-at="2017-04-08T07:47:27Z" data-provider="testSource" finished-at="2017-04-08T07:47:27Z">
          <params>
            <param index="0">
              <value>
                <![CDATA[abc131]]>
              </value>
            </param>
            <param index="1">
              <value>
                <![CDATA[abc131]]>
              </value>
            </param>
          </params>
          <reporter-output>
          </reporter-output>
        </test-method> <!-- test_method2 -->
        <test-method status="PASS" signature="test_method2(java.lang.String, java.lang.String)[pri:0, instance:webDriver.NewTestNg2@19f99ea]" name="test_method2" duration-ms="2" started-at="2017-04-08T07:47:27Z" data-provider="testSource" finished-at="2017-04-08T07:47:27Z">
          <params>
            <param index="0">
              <value>
                <![CDATA[abc132]]>
              </value>
            </param>
            <param index="1">
              <value>
                <![CDATA[abc132]]>
              </value>
            </param>
          </params>
          <reporter-output>
          </reporter-output>
        </test-method> <!-- test_method2 -->
        <test-method status="PASS" signature="test_method2(java.lang.String, java.lang.String)[pri:0, instance:webDriver.NewTestNg2@19f99ea]" name="test_method2" duration-ms="2" started-at="2017-04-08T07:47:27Z" data-provider="testSource" finished-at="2017-04-08T07:47:27Z">
          <params>
            <param index="0">
              <value>
                <![CDATA[abc133]]>
              </value>
            </param>
            <param index="1">
              <value>
                <![CDATA[abc133]]>
              </value>
            </param>
          </params>
          <reporter-output>
          </reporter-output>
        </test-method> <!-- test_method2 -->
        <test-method status="PASS" signature="test_method2(java.lang.String, java.lang.String)[pri:0, instance:webDriver.NewTestNg2@19f99ea]" name="test_method2" duration-ms="2" started-at="2017-04-08T07:47:27Z" data-provider="testSource" finished-at="2017-04-08T07:47:27Z">
          <params>
            <param index="0">
              <value>
                <![CDATA[abc134]]>
              </value>
            </param>
            <param index="1">
              <value>
                <![CDATA[abc134]]>
              </value>
            </param>
          </params>
          <reporter-output>
          </reporter-output>
        </test-method> <!-- test_method2 -->
        <test-method status="PASS" signature="test_method2(java.lang.String, java.lang.String)[pri:0, instance:webDriver.NewTestNg2@19f99ea]" name="test_method2" duration-ms="2" started-at="2017-04-08T07:47:27Z" data-provider="testSource" finished-at="2017-04-08T07:47:27Z">
          <params>
            <param index="0">
              <value>
                <![CDATA[abc135]]>
              </value>
            </param>
            <param index="1">
              <value>
                <![CDATA[abc135]]>
              </value>
            </param>
          </params>
          <reporter-output>
          </reporter-output>
        </test-method> <!-- test_method2 -->
        <test-method status="PASS" signature="test_method2(java.lang.String, java.lang.String)[pri:0, instance:webDriver.NewTestNg2@19f99ea]" name="test_method2" duration-ms="6" started-at="2017-04-08T07:47:27Z" data-provider="testSource" finished-at="2017-04-08T07:47:27Z">
          <params>
            <param index="0">
              <value>
                <![CDATA[abc136]]>
              </value>
            </param>
            <param index="1">
              <value>
                <![CDATA[abc136]]>
              </value>
            </param>
          </params>
          <reporter-output>
          </reporter-output>
        </test-method> <!-- test_method2 -->
      </class> <!-- webDriver.NewTestNg2 -->
    </test> <!-- Default test -->
  </suite> <!-- Default suite -->
</testng-results>
