<?xml version="1.0" encoding="UTF-8"?>
<!-- Generated by org.testng.reporters.JUnitXMLReporter -->
<testsuite hostname="home-PC" name="sample2" tests="10" failures="0" timestamp="7 Apr 2017 03:11:14 GMT" time="0.071" errors="0">
  <testcase name="test_method1" time="0.003" classname="webDriver.NewTestNg2"/>
  <testcase name="test_method1" time="0.002" classname="webDriver.NewTestNg2"/>
  <testcase name="test_method1" time="0.002" classname="webDriver.NewTestNg2"/>
  <testcase name="test_method1" time="0.002" classname="webDriver.NewTestNg2"/>
  <testcase name="test_method1" time="0.008" classname="webDriver.NewTestNg2"/>
  <testcase name="test_method2" time="0.003" classname="webDriver.NewTestNg2"/>
  <testcase name="test_method2" time="0.003" classname="webDriver.NewTestNg2"/>
  <testcase name="test_method2" time="0.005" classname="webDriver.NewTestNg2"/>
  <testcase name="test_method2" time="0.002" classname="webDriver.NewTestNg2"/>
  <testcase name="test_method2" time="0.002" classname="webDriver.NewTestNg2"/>
</testsuite> <!-- sample2 -->
